# JRE version: OpenJDK Runtime Environment (17.0.10) (build 17.0.10+0--11572160)
# Java VM: OpenJDK 64-Bit Server VM (17.0.10+0--11572160, mixed mode, tiered, compressed oops, compressed class ptrs, g1 gc, windows-amd64)
GC Precious Log:
 CPUs: 16 total, 16 available
 Memory: 15610M
 Large Page Support: Disabled
 NUMA Support: Disabled
 Compressed Oops: Enabled (32-bit)
 Heap Region Size: 1M
 Heap Min Capacity: 8M
 Heap Initial Capacity: 244M
 Heap Max Capacity: 2G
 Pre-touch: Disabled
 Parallel Workers: 13
 Concurrent Workers: 3
 Concurrent Refinement Workers: 13
 Periodic GC: Disabled
Heap:
 garbage-first heap   total 249856K, used 137433K [0x0000000080000000, 0x0000000100000000)
  region size 1024K, 4 young (4096K), 4 survivors (4096K)
 Metaspace       used 109670K, committed 110528K, reserved 1179648K
  class space    used 14940K, committed 15360K, reserved 1048576K
GC Heap History (20 events):
Event: 8.232 GC heap after
{Heap after GC invocations=36 (full 0):
 garbage-first heap   total 202752K, used 90148K [0x0000000080000000, 0x0000000100000000)
  region size 1024K, 4 young (4096K), 4 survivors (4096K)
 Metaspace       used 86050K, committed 86656K, reserved 1179648K
  class space    used 11627K, committed 11904K, reserved 1048576K
}
Event: 8.798 GC heap before
{Heap before GC invocations=36 (full 0):
 garbage-first heap   total 202752K, used 152612K [0x0000000080000000, 0x0000000100000000)
  region size 1024K, 65 young (66560K), 4 survivors (4096K)
 Metaspace       used 90480K, committed 91200K, reserved 1179648K
  class space    used 12445K, committed 12800K, reserved 1048576K
}
Event: 8.800 GC heap after
{Heap after GC invocations=37 (full 0):
 garbage-first heap   total 202752K, used 91936K [0x0000000080000000, 0x0000000100000000)
  region size 1024K, 6 young (6144K), 6 survivors (6144K)
 Metaspace       used 90480K, committed 91200K, reserved 1179648K
  class space    used 12445K, committed 12800K, reserved 1048576K
}
Event: 9.365 GC heap before
{Heap before GC invocations=37 (full 0):
 garbage-first heap   total 202752K, used 156448K [0x0000000080000000, 0x0000000100000000)
  region size 1024K, 69 young (70656K), 6 survivors (6144K)
 Metaspace       used 95192K, committed 95872K, reserved 1179648K
  class space    used 13110K, committed 13440K, reserved 1048576K
}
Event: 9.368 GC heap after
{Heap after GC invocations=38 (full 0):
 garbage-first heap   total 202752K, used 95405K [0x0000000080000000, 0x0000000100000000)
  region size 1024K, 6 young (6144K), 6 survivors (6144K)
 Metaspace       used 95192K, committed 95872K, reserved 1179648K
  class space    used 13110K, committed 13440K, reserved 1048576K
}
Event: 9.457 GC heap before
{Heap before GC invocations=38 (full 0):
 garbage-first heap   total 202752K, used 107693K [0x0000000080000000, 0x0000000100000000)
  region size 1024K, 19 young (19456K), 6 survivors (6144K)
 Metaspace       used 96286K, committed 96960K, reserved 1179648K
  class space    used 13273K, committed 13568K, reserved 1048576K
}
Event: 9.459 GC heap after
{Heap after GC invocations=39 (full 0):
 garbage-first heap   total 202752K, used 95831K [0x0000000080000000, 0x0000000100000000)
  region size 1024K, 4 young (4096K), 4 survivors (4096K)
 Metaspace       used 96286K, committed 96960K, reserved 1179648K
  class space    used 13273K, committed 13568K, reserved 1048576K
}
Event: 9.967 GC heap before
{Heap before GC invocations=40 (full 0):
 garbage-first heap   total 202752K, used 162391K [0x0000000080000000, 0x0000000100000000)
  region size 1024K, 70 young (71680K), 4 survivors (4096K)
 Metaspace       used 101195K, committed 101952K, reserved 1179648K
  class space    used 13984K, committed 14336K, reserved 1048576K
}
Event: 9.972 GC heap after
{Heap after GC invocations=41 (full 0):
 garbage-first heap   total 202752K, used 100404K [0x0000000080000000, 0x0000000100000000)
  region size 1024K, 9 young (9216K), 9 survivors (9216K)
 Metaspace       used 101195K, committed 101952K, reserved 1179648K
  class space    used 13984K, committed 14336K, reserved 1048576K
}
Event: 9.972 GC heap before
{Heap before GC invocations=41 (full 0):
 garbage-first heap   total 202752K, used 100404K [0x0000000080000000, 0x0000000100000000)
  region size 1024K, 10 young (10240K), 9 survivors (9216K)
 Metaspace       used 101196K, committed 101952K, reserved 1179648K
  class space    used 13984K, committed 14336K, reserved 1048576K
}
Event: 9.976 GC heap after
{Heap after GC invocations=42 (full 0):
 garbage-first heap   total 202752K, used 99098K [0x0000000080000000, 0x0000000100000000)
  region size 1024K, 2 young (2048K), 2 survivors (2048K)
 Metaspace       used 101196K, committed 101952K, reserved 1179648K
  class space    used 13984K, committed 14336K, reserved 1048576K
}
Event: 10.401 GC heap before
{Heap before GC invocations=42 (full 0):
 garbage-first heap   total 202752K, used 167706K [0x0000000080000000, 0x0000000100000000)
  region size 1024K, 65 young (66560K), 2 survivors (2048K)
 Metaspace       used 104923K, committed 105664K, reserved 1179648K
  class space    used 14396K, committed 14720K, reserved 1048576K
}
Event: 10.405 GC heap after
{Heap after GC invocations=43 (full 0):
 garbage-first heap   total 202752K, used 106062K [0x0000000080000000, 0x0000000100000000)
  region size 1024K, 8 young (8192K), 8 survivors (8192K)
 Metaspace       used 104923K, committed 105664K, reserved 1179648K
  class space    used 14396K, committed 14720K, reserved 1048576K
}
Event: 10.649 GC heap before
{Heap before GC invocations=43 (full 0):
 garbage-first heap   total 202752K, used 165454K [0x0000000080000000, 0x0000000100000000)
  region size 1024K, 64 young (65536K), 8 survivors (8192K)
 Metaspace       used 106464K, committed 107200K, reserved 1179648K
  class space    used 14601K, committed 14976K, reserved 1048576K
}
Event: 10.653 GC heap after
{Heap after GC invocations=44 (full 0):
 garbage-first heap   total 202752K, used 111116K [0x0000000080000000, 0x0000000100000000)
  region size 1024K, 6 young (6144K), 6 survivors (6144K)
 Metaspace       used 106464K, committed 107200K, reserved 1179648K
  class space    used 14601K, committed 14976K, reserved 1048576K
}
Event: 11.133 GC heap before
{Heap before GC invocations=44 (full 0):
 garbage-first heap   total 202752K, used 171532K [0x0000000080000000, 0x0000000100000000)
  region size 1024K, 58 young (59392K), 6 survivors (6144K)
 Metaspace       used 108220K, committed 108992K, reserved 1179648K
  class space    used 14805K, committed 15168K, reserved 1048576K
}
Event: 11.145 GC heap after
{Heap after GC invocations=45 (full 0):
 garbage-first heap   total 202752K, used 130827K [0x0000000080000000, 0x0000000100000000)
  region size 1024K, 8 young (8192K), 8 survivors (8192K)
 Metaspace       used 108220K, committed 108992K, reserved 1179648K
  class space    used 14805K, committed 15168K, reserved 1048576K
}
Event: 11.290 GC heap before
{Heap before GC invocations=45 (full 0):
 garbage-first heap   total 202752K, used 163595K [0x0000000080000000, 0x0000000100000000)
  region size 1024K, 40 young (40960K), 8 survivors (8192K)
 Metaspace       used 108301K, committed 109056K, reserved 1179648K
  class space    used 14814K, committed 15168K, reserved 1048576K
}
Event: 11.295 GC heap after
{Heap after GC invocations=46 (full 0):
 garbage-first heap   total 202752K, used 134171K [0x0000000080000000, 0x0000000100000000)
  region size 1024K, 5 young (5120K), 5 survivors (5120K)
 Metaspace       used 108301K, committed 109056K, reserved 1179648K
  class space    used 14814K, committed 15168K, reserved 1048576K
}
Event: 11.510 GC heap before
{Heap before GC invocations=46 (full 0):
 garbage-first heap   total 202752K, used 182299K [0x0000000080000000, 0x0000000100000000)
  region size 1024K, 36 young (36864K), 5 survivors (5120K)
 Metaspace       used 109670K, committed 110528K, reserved 1179648K
  class space    used 14940K, committed 15360K, reserved 1048576K
}

